The system is: Linux - 4.13.0-39-generic - x86_64
Compiling the C compiler identification source file "CMakeCCompilerId.c" succeeded.
Compiler: /usr/bin/cc 
Build flags: 
Id flags: 

The output was:
0


Compilation of the C compiler identification source "CMakeCCompilerId.c" produced "a.out"

The C compiler identification is GNU, found in "/home/predator/Documents/Project/temp/libsmb2/CMakeFiles/3.5.1/CompilerIdC/a.out"

Determining if the C compiler works passed with the following output:
Change Dir: /home/predator/Documents/Project/temp/libsmb2/CMakeFiles/CMakeTmp

Run Build Command:"/usr/bin/make" "cmTC_9468f/fast"
/usr/bin/make -f CMakeFiles/cmTC_9468f.dir/build.make CMakeFiles/cmTC_9468f.dir/build
make[1]: Entering directory '/home/predator/Documents/Project/temp/libsmb2/CMakeFiles/CMakeTmp'
Building C object CMakeFiles/cmTC_9468f.dir/testCCompiler.c.o
/usr/bin/cc     -o CMakeFiles/cmTC_9468f.dir/testCCompiler.c.o   -c /home/predator/Documents/Project/temp/libsmb2/CMakeFiles/CMakeTmp/testCCompiler.c
Linking C executable cmTC_9468f
/usr/bin/cmake -E cmake_link_script CMakeFiles/cmTC_9468f.dir/link.txt --verbose=1
/usr/bin/cc       CMakeFiles/cmTC_9468f.dir/testCCompiler.c.o  -o cmTC_9468f -rdynamic 
make[1]: Leaving directory '/home/predator/Documents/Project/temp/libsmb2/CMakeFiles/CMakeTmp'


Detecting C compiler ABI info compiled with the following output:
Change Dir: /home/predator/Documents/Project/temp/libsmb2/CMakeFiles/CMakeTmp

Run Build Command:"/usr/bin/make" "cmTC_a7aa4/fast"
/usr/bin/make -f CMakeFiles/cmTC_a7aa4.dir/build.make CMakeFiles/cmTC_a7aa4.dir/build
make[1]: Entering directory '/home/predator/Documents/Project/temp/libsmb2/CMakeFiles/CMakeTmp'
Building C object CMakeFiles/cmTC_a7aa4.dir/CMakeCCompilerABI.c.o
/usr/bin/cc     -o CMakeFiles/cmTC_a7aa4.dir/CMakeCCompilerABI.c.o   -c /usr/share/cmake-3.5/Modules/CMakeCCompilerABI.c
Linking C executable cmTC_a7aa4
/usr/bin/cmake -E cmake_link_script CMakeFiles/cmTC_a7aa4.dir/link.txt --verbose=1
/usr/bin/cc      -v CMakeFiles/cmTC_a7aa4.dir/CMakeCCompilerABI.c.o  -o cmTC_a7aa4 -rdynamic  
Using built-in specs.
COLLECT_GCC=/usr/bin/cc
COLLECT_LTO_WRAPPER=/usr/lib/gcc/x86_64-linux-gnu/5/lto-wrapper
Target: x86_64-linux-gnu
Configured with: ../src/configure -v --with-pkgversion='Ubuntu 5.4.0-6ubuntu1~16.04.9' --with-bugurl=file:///usr/share/doc/gcc-5/README.Bugs --enable-languages=c,ada,c++,java,go,d,fortran,objc,obj-c++ --prefix=/usr --program-suffix=-5 --enable-shared --enable-linker-build-id --libexecdir=/usr/lib --without-included-gettext --enable-threads=posix --libdir=/usr/lib --enable-nls --with-sysroot=/ --enable-clocale=gnu --enable-libstdcxx-debug --enable-libstdcxx-time=yes --with-default-libstdcxx-abi=new --enable-gnu-unique-object --disable-vtable-verify --enable-libmpx --enable-plugin --with-system-zlib --disable-browser-plugin --enable-java-awt=gtk --enable-gtk-cairo --with-java-home=/usr/lib/jvm/java-1.5.0-gcj-5-amd64/jre --enable-java-home --with-jvm-root-dir=/usr/lib/jvm/java-1.5.0-gcj-5-amd64 --with-jvm-jar-dir=/usr/lib/jvm-exports/java-1.5.0-gcj-5-amd64 --with-arch-directory=amd64 --with-ecj-jar=/usr/share/java/eclipse-ecj.jar --enable-objc-gc --enable-multiarch --disable-werror --with-arch-32=i686 --with-abi=m64 --with-multilib-list=m32,m64,mx32 --enable-multilib --with-tune=generic --enable-checking=release --build=x86_64-linux-gnu --host=x86_64-linux-gnu --target=x86_64-linux-gnu
Thread model: posix
gcc version 5.4.0 20160609 (Ubuntu 5.4.0-6ubuntu1~16.04.9) 
COMPILER_PATH=/usr/lib/gcc/x86_64-linux-gnu/5/:/usr/lib/gcc/x86_64-linux-gnu/5/:/usr/lib/gcc/x86_64-linux-gnu/:/usr/lib/gcc/x86_64-linux-gnu/5/:/usr/lib/gcc/x86_64-linux-gnu/
LIBRARY_PATH=/usr/lib/gcc/x86_64-linux-gnu/5/:/usr/lib/gcc/x86_64-linux-gnu/5/../../../x86_64-linux-gnu/:/usr/lib/gcc/x86_64-linux-gnu/5/../../../../lib/:/lib/x86_64-linux-gnu/:/lib/../lib/:/usr/lib/x86_64-linux-gnu/:/usr/lib/../lib/:/usr/lib/gcc/x86_64-linux-gnu/5/../../../:/lib/:/usr/lib/
COLLECT_GCC_OPTIONS='-v' '-o' 'cmTC_a7aa4' '-rdynamic' '-mtune=generic' '-march=x86-64'
 /usr/lib/gcc/x86_64-linux-gnu/5/collect2 -plugin /usr/lib/gcc/x86_64-linux-gnu/5/liblto_plugin.so -plugin-opt=/usr/lib/gcc/x86_64-linux-gnu/5/lto-wrapper -plugin-opt=-fresolution=/tmp/ccSDH3CZ.res -plugin-opt=-pass-through=-lgcc -plugin-opt=-pass-through=-lgcc_s -plugin-opt=-pass-through=-lc -plugin-opt=-pass-through=-lgcc -plugin-opt=-pass-through=-lgcc_s --sysroot=/ --build-id --eh-frame-hdr -m elf_x86_64 --hash-style=gnu --as-needed -export-dynamic -dynamic-linker /lib64/ld-linux-x86-64.so.2 -z relro -o cmTC_a7aa4 /usr/lib/gcc/x86_64-linux-gnu/5/../../../x86_64-linux-gnu/crt1.o /usr/lib/gcc/x86_64-linux-gnu/5/../../../x86_64-linux-gnu/crti.o /usr/lib/gcc/x86_64-linux-gnu/5/crtbegin.o -L/usr/lib/gcc/x86_64-linux-gnu/5 -L/usr/lib/gcc/x86_64-linux-gnu/5/../../../x86_64-linux-gnu -L/usr/lib/gcc/x86_64-linux-gnu/5/../../../../lib -L/lib/x86_64-linux-gnu -L/lib/../lib -L/usr/lib/x86_64-linux-gnu -L/usr/lib/../lib -L/usr/lib/gcc/x86_64-linux-gnu/5/../../.. CMakeFiles/cmTC_a7aa4.dir/CMakeCCompilerABI.c.o -lgcc --as-needed -lgcc_s --no-as-needed -lc -lgcc --as-needed -lgcc_s --no-as-needed /usr/lib/gcc/x86_64-linux-gnu/5/crtend.o /usr/lib/gcc/x86_64-linux-gnu/5/../../../x86_64-linux-gnu/crtn.o
make[1]: Leaving directory '/home/predator/Documents/Project/temp/libsmb2/CMakeFiles/CMakeTmp'


Parsed C implicit link information from above output:
  link line regex: [^( *|.*[/\])(ld|([^/\]+-)?ld|collect2)[^/\]*( |$)]
  ignore line: [Change Dir: /home/predator/Documents/Project/temp/libsmb2/CMakeFiles/CMakeTmp]
  ignore line: []
  ignore line: [Run Build Command:"/usr/bin/make" "cmTC_a7aa4/fast"]
  ignore line: [/usr/bin/make -f CMakeFiles/cmTC_a7aa4.dir/build.make CMakeFiles/cmTC_a7aa4.dir/build]
  ignore line: [make[1]: Entering directory '/home/predator/Documents/Project/temp/libsmb2/CMakeFiles/CMakeTmp']
  ignore line: [Building C object CMakeFiles/cmTC_a7aa4.dir/CMakeCCompilerABI.c.o]
  ignore line: [/usr/bin/cc     -o CMakeFiles/cmTC_a7aa4.dir/CMakeCCompilerABI.c.o   -c /usr/share/cmake-3.5/Modules/CMakeCCompilerABI.c]
  ignore line: [Linking C executable cmTC_a7aa4]
  ignore line: [/usr/bin/cmake -E cmake_link_script CMakeFiles/cmTC_a7aa4.dir/link.txt --verbose=1]
  ignore line: [/usr/bin/cc      -v CMakeFiles/cmTC_a7aa4.dir/CMakeCCompilerABI.c.o  -o cmTC_a7aa4 -rdynamic  ]
  ignore line: [Using built-in specs.]
  ignore line: [COLLECT_GCC=/usr/bin/cc]
  ignore line: [COLLECT_LTO_WRAPPER=/usr/lib/gcc/x86_64-linux-gnu/5/lto-wrapper]
  ignore line: [Target: x86_64-linux-gnu]
  ignore line: [Configured with: ../src/configure -v --with-pkgversion='Ubuntu 5.4.0-6ubuntu1~16.04.9' --with-bugurl=file:///usr/share/doc/gcc-5/README.Bugs --enable-languages=c,ada,c++,java,go,d,fortran,objc,obj-c++ --prefix=/usr --program-suffix=-5 --enable-shared --enable-linker-build-id --libexecdir=/usr/lib --without-included-gettext --enable-threads=posix --libdir=/usr/lib --enable-nls --with-sysroot=/ --enable-clocale=gnu --enable-libstdcxx-debug --enable-libstdcxx-time=yes --with-default-libstdcxx-abi=new --enable-gnu-unique-object --disable-vtable-verify --enable-libmpx --enable-plugin --with-system-zlib --disable-browser-plugin --enable-java-awt=gtk --enable-gtk-cairo --with-java-home=/usr/lib/jvm/java-1.5.0-gcj-5-amd64/jre --enable-java-home --with-jvm-root-dir=/usr/lib/jvm/java-1.5.0-gcj-5-amd64 --with-jvm-jar-dir=/usr/lib/jvm-exports/java-1.5.0-gcj-5-amd64 --with-arch-directory=amd64 --with-ecj-jar=/usr/share/java/eclipse-ecj.jar --enable-objc-gc --enable-multiarch --disable-werror --with-arch-32=i686 --with-abi=m64 --with-multilib-list=m32,m64,mx32 --enable-multilib --with-tune=generic --enable-checking=release --build=x86_64-linux-gnu --host=x86_64-linux-gnu --target=x86_64-linux-gnu]
  ignore line: [Thread model: posix]
  ignore line: [gcc version 5.4.0 20160609 (Ubuntu 5.4.0-6ubuntu1~16.04.9) ]
  ignore line: [COMPILER_PATH=/usr/lib/gcc/x86_64-linux-gnu/5/:/usr/lib/gcc/x86_64-linux-gnu/5/:/usr/lib/gcc/x86_64-linux-gnu/:/usr/lib/gcc/x86_64-linux-gnu/5/:/usr/lib/gcc/x86_64-linux-gnu/]
  ignore line: [LIBRARY_PATH=/usr/lib/gcc/x86_64-linux-gnu/5/:/usr/lib/gcc/x86_64-linux-gnu/5/../../../x86_64-linux-gnu/:/usr/lib/gcc/x86_64-linux-gnu/5/../../../../lib/:/lib/x86_64-linux-gnu/:/lib/../lib/:/usr/lib/x86_64-linux-gnu/:/usr/lib/../lib/:/usr/lib/gcc/x86_64-linux-gnu/5/../../../:/lib/:/usr/lib/]
  ignore line: [COLLECT_GCC_OPTIONS='-v' '-o' 'cmTC_a7aa4' '-rdynamic' '-mtune=generic' '-march=x86-64']
  link line: [ /usr/lib/gcc/x86_64-linux-gnu/5/collect2 -plugin /usr/lib/gcc/x86_64-linux-gnu/5/liblto_plugin.so -plugin-opt=/usr/lib/gcc/x86_64-linux-gnu/5/lto-wrapper -plugin-opt=-fresolution=/tmp/ccSDH3CZ.res -plugin-opt=-pass-through=-lgcc -plugin-opt=-pass-through=-lgcc_s -plugin-opt=-pass-through=-lc -plugin-opt=-pass-through=-lgcc -plugin-opt=-pass-through=-lgcc_s --sysroot=/ --build-id --eh-frame-hdr -m elf_x86_64 --hash-style=gnu --as-needed -export-dynamic -dynamic-linker /lib64/ld-linux-x86-64.so.2 -z relro -o cmTC_a7aa4 /usr/lib/gcc/x86_64-linux-gnu/5/../../../x86_64-linux-gnu/crt1.o /usr/lib/gcc/x86_64-linux-gnu/5/../../../x86_64-linux-gnu/crti.o /usr/lib/gcc/x86_64-linux-gnu/5/crtbegin.o -L/usr/lib/gcc/x86_64-linux-gnu/5 -L/usr/lib/gcc/x86_64-linux-gnu/5/../../../x86_64-linux-gnu -L/usr/lib/gcc/x86_64-linux-gnu/5/../../../../lib -L/lib/x86_64-linux-gnu -L/lib/../lib -L/usr/lib/x86_64-linux-gnu -L/usr/lib/../lib -L/usr/lib/gcc/x86_64-linux-gnu/5/../../.. CMakeFiles/cmTC_a7aa4.dir/CMakeCCompilerABI.c.o -lgcc --as-needed -lgcc_s --no-as-needed -lc -lgcc --as-needed -lgcc_s --no-as-needed /usr/lib/gcc/x86_64-linux-gnu/5/crtend.o /usr/lib/gcc/x86_64-linux-gnu/5/../../../x86_64-linux-gnu/crtn.o]
    arg [/usr/lib/gcc/x86_64-linux-gnu/5/collect2] ==> ignore
    arg [-plugin] ==> ignore
    arg [/usr/lib/gcc/x86_64-linux-gnu/5/liblto_plugin.so] ==> ignore
    arg [-plugin-opt=/usr/lib/gcc/x86_64-linux-gnu/5/lto-wrapper] ==> ignore
    arg [-plugin-opt=-fresolution=/tmp/ccSDH3CZ.res] ==> ignore
    arg [-plugin-opt=-pass-through=-lgcc] ==> ignore
    arg [-plugin-opt=-pass-through=-lgcc_s] ==> ignore
    arg [-plugin-opt=-pass-through=-lc] ==> ignore
    arg [-plugin-opt=-pass-through=-lgcc] ==> ignore
    arg [-plugin-opt=-pass-through=-lgcc_s] ==> ignore
    arg [--sysroot=/] ==> ignore
    arg [--build-id] ==> ignore
    arg [--eh-frame-hdr] ==> ignore
    arg [-m] ==> ignore
    arg [elf_x86_64] ==> ignore
    arg [--hash-style=gnu] ==> ignore
    arg [--as-needed] ==> ignore
    arg [-export-dynamic] ==> ignore
    arg [-dynamic-linker] ==> ignore
    arg [/lib64/ld-linux-x86-64.so.2] ==> ignore
    arg [-zrelro] ==> ignore
    arg [-o] ==> ignore
    arg [cmTC_a7aa4] ==> ignore
    arg [/usr/lib/gcc/x86_64-linux-gnu/5/../../../x86_64-linux-gnu/crt1.o] ==> ignore
    arg [/usr/lib/gcc/x86_64-linux-gnu/5/../../../x86_64-linux-gnu/crti.o] ==> ignore
    arg [/usr/lib/gcc/x86_64-linux-gnu/5/crtbegin.o] ==> ignore
    arg [-L/usr/lib/gcc/x86_64-linux-gnu/5] ==> dir [/usr/lib/gcc/x86_64-linux-gnu/5]
    arg [-L/usr/lib/gcc/x86_64-linux-gnu/5/../../../x86_64-linux-gnu] ==> dir [/usr/lib/gcc/x86_64-linux-gnu/5/../../../x86_64-linux-gnu]
    arg [-L/usr/lib/gcc/x86_64-linux-gnu/5/../../../../lib] ==> dir [/usr/lib/gcc/x86_64-linux-gnu/5/../../../../lib]
    arg [-L/lib/x86_64-linux-gnu] ==> dir [/lib/x86_64-linux-gnu]
    arg [-L/lib/../lib] ==> dir [/lib/../lib]
    arg [-L/usr/lib/x86_64-linux-gnu] ==> dir [/usr/lib/x86_64-linux-gnu]
    arg [-L/usr/lib/../lib] ==> dir [/usr/lib/../lib]
    arg [-L/usr/lib/gcc/x86_64-linux-gnu/5/../../..] ==> dir [/usr/lib/gcc/x86_64-linux-gnu/5/../../..]
    arg [CMakeFiles/cmTC_a7aa4.dir/CMakeCCompilerABI.c.o] ==> ignore
    arg [-lgcc] ==> lib [gcc]
    arg [--as-needed] ==> ignore
    arg [-lgcc_s] ==> lib [gcc_s]
    arg [--no-as-needed] ==> ignore
    arg [-lc] ==> lib [c]
    arg [-lgcc] ==> lib [gcc]
    arg [--as-needed] ==> ignore
    arg [-lgcc_s] ==> lib [gcc_s]
    arg [--no-as-needed] ==> ignore
    arg [/usr/lib/gcc/x86_64-linux-gnu/5/crtend.o] ==> ignore
    arg [/usr/lib/gcc/x86_64-linux-gnu/5/../../../x86_64-linux-gnu/crtn.o] ==> ignore
  remove lib [gcc]
  remove lib [gcc_s]
  remove lib [gcc]
  remove lib [gcc_s]
  collapse library dir [/usr/lib/gcc/x86_64-linux-gnu/5] ==> [/usr/lib/gcc/x86_64-linux-gnu/5]
  collapse library dir [/usr/lib/gcc/x86_64-linux-gnu/5/../../../x86_64-linux-gnu] ==> [/usr/lib/x86_64-linux-gnu]
  collapse library dir [/usr/lib/gcc/x86_64-linux-gnu/5/../../../../lib] ==> [/usr/lib]
  collapse library dir [/lib/x86_64-linux-gnu] ==> [/lib/x86_64-linux-gnu]
  collapse library dir [/lib/../lib] ==> [/lib]
  collapse library dir [/usr/lib/x86_64-linux-gnu] ==> [/usr/lib/x86_64-linux-gnu]
  collapse library dir [/usr/lib/../lib] ==> [/usr/lib]
  collapse library dir [/usr/lib/gcc/x86_64-linux-gnu/5/../../..] ==> [/usr/lib]
  implicit libs: [c]
  implicit dirs: [/usr/lib/gcc/x86_64-linux-gnu/5;/usr/lib/x86_64-linux-gnu;/usr/lib;/lib/x86_64-linux-gnu;/lib]
  implicit fwks: []




Detecting C [-std=c11] compiler features compiled with the following output:
Change Dir: /home/predator/Documents/Project/temp/libsmb2/CMakeFiles/CMakeTmp

Run Build Command:"/usr/bin/make" "cmTC_1c374/fast"
/usr/bin/make -f CMakeFiles/cmTC_1c374.dir/build.make CMakeFiles/cmTC_1c374.dir/build
make[1]: Entering directory '/home/predator/Documents/Project/temp/libsmb2/CMakeFiles/CMakeTmp'
Building C object CMakeFiles/cmTC_1c374.dir/feature_tests.c.o
/usr/bin/cc    -std=c11 -o CMakeFiles/cmTC_1c374.dir/feature_tests.c.o   -c /home/predator/Documents/Project/temp/libsmb2/CMakeFiles/feature_tests.c
Linking C executable cmTC_1c374
/usr/bin/cmake -E cmake_link_script CMakeFiles/cmTC_1c374.dir/link.txt --verbose=1
/usr/bin/cc       CMakeFiles/cmTC_1c374.dir/feature_tests.c.o  -o cmTC_1c374 -rdynamic 
make[1]: Leaving directory '/home/predator/Documents/Project/temp/libsmb2/CMakeFiles/CMakeTmp'


    Feature record: C_FEATURE:1c_function_prototypes
    Feature record: C_FEATURE:1c_restrict
    Feature record: C_FEATURE:1c_static_assert
    Feature record: C_FEATURE:1c_variadic_macros


Detecting C [-std=c99] compiler features compiled with the following output:
Change Dir: /home/predator/Documents/Project/temp/libsmb2/CMakeFiles/CMakeTmp

Run Build Command:"/usr/bin/make" "cmTC_9af60/fast"
/usr/bin/make -f CMakeFiles/cmTC_9af60.dir/build.make CMakeFiles/cmTC_9af60.dir/build
make[1]: Entering directory '/home/predator/Documents/Project/temp/libsmb2/CMakeFiles/CMakeTmp'
Building C object CMakeFiles/cmTC_9af60.dir/feature_tests.c.o
/usr/bin/cc    -std=c99 -o CMakeFiles/cmTC_9af60.dir/feature_tests.c.o   -c /home/predator/Documents/Project/temp/libsmb2/CMakeFiles/feature_tests.c
Linking C executable cmTC_9af60
/usr/bin/cmake -E cmake_link_script CMakeFiles/cmTC_9af60.dir/link.txt --verbose=1
/usr/bin/cc       CMakeFiles/cmTC_9af60.dir/feature_tests.c.o  -o cmTC_9af60 -rdynamic 
make[1]: Leaving directory '/home/predator/Documents/Project/temp/libsmb2/CMakeFiles/CMakeTmp'


    Feature record: C_FEATURE:1c_function_prototypes
    Feature record: C_FEATURE:1c_restrict
    Feature record: C_FEATURE:0c_static_assert
    Feature record: C_FEATURE:1c_variadic_macros


Detecting C [-std=c90] compiler features compiled with the following output:
Change Dir: /home/predator/Documents/Project/temp/libsmb2/CMakeFiles/CMakeTmp

Run Build Command:"/usr/bin/make" "cmTC_8c336/fast"
/usr/bin/make -f CMakeFiles/cmTC_8c336.dir/build.make CMakeFiles/cmTC_8c336.dir/build
make[1]: Entering directory '/home/predator/Documents/Project/temp/libsmb2/CMakeFiles/CMakeTmp'
Building C object CMakeFiles/cmTC_8c336.dir/feature_tests.c.o
/usr/bin/cc    -std=c90 -o CMakeFiles/cmTC_8c336.dir/feature_tests.c.o   -c /home/predator/Documents/Project/temp/libsmb2/CMakeFiles/feature_tests.c
Linking C executable cmTC_8c336
/usr/bin/cmake -E cmake_link_script CMakeFiles/cmTC_8c336.dir/link.txt --verbose=1
/usr/bin/cc       CMakeFiles/cmTC_8c336.dir/feature_tests.c.o  -o cmTC_8c336 -rdynamic 
make[1]: Leaving directory '/home/predator/Documents/Project/temp/libsmb2/CMakeFiles/CMakeTmp'


    Feature record: C_FEATURE:1c_function_prototypes
    Feature record: C_FEATURE:0c_restrict
    Feature record: C_FEATURE:0c_static_assert
    Feature record: C_FEATURE:0c_variadic_macros
Determining if the include file arpa/inet.h exists passed with the following output:
Change Dir: /home/predator/Documents/Project/temp/libsmb2/CMakeFiles/CMakeTmp

Run Build Command:"/usr/bin/make" "cmTC_d0711/fast"
/usr/bin/make -f CMakeFiles/cmTC_d0711.dir/build.make CMakeFiles/cmTC_d0711.dir/build
make[1]: Entering directory '/home/predator/Documents/Project/temp/libsmb2/CMakeFiles/CMakeTmp'
Building C object CMakeFiles/cmTC_d0711.dir/CheckIncludeFile.c.o
/usr/bin/cc     -o CMakeFiles/cmTC_d0711.dir/CheckIncludeFile.c.o   -c /home/predator/Documents/Project/temp/libsmb2/CMakeFiles/CMakeTmp/CheckIncludeFile.c
Linking C executable cmTC_d0711
/usr/bin/cmake -E cmake_link_script CMakeFiles/cmTC_d0711.dir/link.txt --verbose=1
/usr/bin/cc       CMakeFiles/cmTC_d0711.dir/CheckIncludeFile.c.o  -o cmTC_d0711 -rdynamic 
make[1]: Leaving directory '/home/predator/Documents/Project/temp/libsmb2/CMakeFiles/CMakeTmp'


Determining if the include file dlfcn.h exists passed with the following output:
Change Dir: /home/predator/Documents/Project/temp/libsmb2/CMakeFiles/CMakeTmp

Run Build Command:"/usr/bin/make" "cmTC_3ed89/fast"
/usr/bin/make -f CMakeFiles/cmTC_3ed89.dir/build.make CMakeFiles/cmTC_3ed89.dir/build
make[1]: Entering directory '/home/predator/Documents/Project/temp/libsmb2/CMakeFiles/CMakeTmp'
Building C object CMakeFiles/cmTC_3ed89.dir/CheckIncludeFile.c.o
/usr/bin/cc     -o CMakeFiles/cmTC_3ed89.dir/CheckIncludeFile.c.o   -c /home/predator/Documents/Project/temp/libsmb2/CMakeFiles/CMakeTmp/CheckIncludeFile.c
Linking C executable cmTC_3ed89
/usr/bin/cmake -E cmake_link_script CMakeFiles/cmTC_3ed89.dir/link.txt --verbose=1
/usr/bin/cc       CMakeFiles/cmTC_3ed89.dir/CheckIncludeFile.c.o  -o cmTC_3ed89 -rdynamic 
make[1]: Leaving directory '/home/predator/Documents/Project/temp/libsmb2/CMakeFiles/CMakeTmp'


Determining if the include file inttypes.h exists passed with the following output:
Change Dir: /home/predator/Documents/Project/temp/libsmb2/CMakeFiles/CMakeTmp

Run Build Command:"/usr/bin/make" "cmTC_14a9b/fast"
/usr/bin/make -f CMakeFiles/cmTC_14a9b.dir/build.make CMakeFiles/cmTC_14a9b.dir/build
make[1]: Entering directory '/home/predator/Documents/Project/temp/libsmb2/CMakeFiles/CMakeTmp'
Building C object CMakeFiles/cmTC_14a9b.dir/CheckIncludeFile.c.o
/usr/bin/cc     -o CMakeFiles/cmTC_14a9b.dir/CheckIncludeFile.c.o   -c /home/predator/Documents/Project/temp/libsmb2/CMakeFiles/CMakeTmp/CheckIncludeFile.c
Linking C executable cmTC_14a9b
/usr/bin/cmake -E cmake_link_script CMakeFiles/cmTC_14a9b.dir/link.txt --verbose=1
/usr/bin/cc       CMakeFiles/cmTC_14a9b.dir/CheckIncludeFile.c.o  -o cmTC_14a9b -rdynamic 
make[1]: Leaving directory '/home/predator/Documents/Project/temp/libsmb2/CMakeFiles/CMakeTmp'


Determining if the include file memory.h exists passed with the following output:
Change Dir: /home/predator/Documents/Project/temp/libsmb2/CMakeFiles/CMakeTmp

Run Build Command:"/usr/bin/make" "cmTC_695a3/fast"
/usr/bin/make -f CMakeFiles/cmTC_695a3.dir/build.make CMakeFiles/cmTC_695a3.dir/build
make[1]: Entering directory '/home/predator/Documents/Project/temp/libsmb2/CMakeFiles/CMakeTmp'
Building C object CMakeFiles/cmTC_695a3.dir/CheckIncludeFile.c.o
/usr/bin/cc     -o CMakeFiles/cmTC_695a3.dir/CheckIncludeFile.c.o   -c /home/predator/Documents/Project/temp/libsmb2/CMakeFiles/CMakeTmp/CheckIncludeFile.c
Linking C executable cmTC_695a3
/usr/bin/cmake -E cmake_link_script CMakeFiles/cmTC_695a3.dir/link.txt --verbose=1
/usr/bin/cc       CMakeFiles/cmTC_695a3.dir/CheckIncludeFile.c.o  -o cmTC_695a3 -rdynamic 
make[1]: Leaving directory '/home/predator/Documents/Project/temp/libsmb2/CMakeFiles/CMakeTmp'


Determining if the include file netdb.h exists passed with the following output:
Change Dir: /home/predator/Documents/Project/temp/libsmb2/CMakeFiles/CMakeTmp

Run Build Command:"/usr/bin/make" "cmTC_5a52c/fast"
/usr/bin/make -f CMakeFiles/cmTC_5a52c.dir/build.make CMakeFiles/cmTC_5a52c.dir/build
make[1]: Entering directory '/home/predator/Documents/Project/temp/libsmb2/CMakeFiles/CMakeTmp'
Building C object CMakeFiles/cmTC_5a52c.dir/CheckIncludeFile.c.o
/usr/bin/cc     -o CMakeFiles/cmTC_5a52c.dir/CheckIncludeFile.c.o   -c /home/predator/Documents/Project/temp/libsmb2/CMakeFiles/CMakeTmp/CheckIncludeFile.c
Linking C executable cmTC_5a52c
/usr/bin/cmake -E cmake_link_script CMakeFiles/cmTC_5a52c.dir/link.txt --verbose=1
/usr/bin/cc       CMakeFiles/cmTC_5a52c.dir/CheckIncludeFile.c.o  -o cmTC_5a52c -rdynamic 
make[1]: Leaving directory '/home/predator/Documents/Project/temp/libsmb2/CMakeFiles/CMakeTmp'


Determining if the include file netinet/in.h exists passed with the following output:
Change Dir: /home/predator/Documents/Project/temp/libsmb2/CMakeFiles/CMakeTmp

Run Build Command:"/usr/bin/make" "cmTC_000b8/fast"
/usr/bin/make -f CMakeFiles/cmTC_000b8.dir/build.make CMakeFiles/cmTC_000b8.dir/build
make[1]: Entering directory '/home/predator/Documents/Project/temp/libsmb2/CMakeFiles/CMakeTmp'
Building C object CMakeFiles/cmTC_000b8.dir/CheckIncludeFile.c.o
/usr/bin/cc     -o CMakeFiles/cmTC_000b8.dir/CheckIncludeFile.c.o   -c /home/predator/Documents/Project/temp/libsmb2/CMakeFiles/CMakeTmp/CheckIncludeFile.c
Linking C executable cmTC_000b8
/usr/bin/cmake -E cmake_link_script CMakeFiles/cmTC_000b8.dir/link.txt --verbose=1
/usr/bin/cc       CMakeFiles/cmTC_000b8.dir/CheckIncludeFile.c.o  -o cmTC_000b8 -rdynamic 
make[1]: Leaving directory '/home/predator/Documents/Project/temp/libsmb2/CMakeFiles/CMakeTmp'


Determining if the include file netinet/tcp.h exists passed with the following output:
Change Dir: /home/predator/Documents/Project/temp/libsmb2/CMakeFiles/CMakeTmp

Run Build Command:"/usr/bin/make" "cmTC_c032b/fast"
/usr/bin/make -f CMakeFiles/cmTC_c032b.dir/build.make CMakeFiles/cmTC_c032b.dir/build
make[1]: Entering directory '/home/predator/Documents/Project/temp/libsmb2/CMakeFiles/CMakeTmp'
Building C object CMakeFiles/cmTC_c032b.dir/CheckIncludeFile.c.o
/usr/bin/cc     -o CMakeFiles/cmTC_c032b.dir/CheckIncludeFile.c.o   -c /home/predator/Documents/Project/temp/libsmb2/CMakeFiles/CMakeTmp/CheckIncludeFile.c
Linking C executable cmTC_c032b
/usr/bin/cmake -E cmake_link_script CMakeFiles/cmTC_c032b.dir/link.txt --verbose=1
/usr/bin/cc       CMakeFiles/cmTC_c032b.dir/CheckIncludeFile.c.o  -o cmTC_c032b -rdynamic 
make[1]: Leaving directory '/home/predator/Documents/Project/temp/libsmb2/CMakeFiles/CMakeTmp'


Determining if the include file net/if.h exists passed with the following output:
Change Dir: /home/predator/Documents/Project/temp/libsmb2/CMakeFiles/CMakeTmp

Run Build Command:"/usr/bin/make" "cmTC_0ce65/fast"
/usr/bin/make -f CMakeFiles/cmTC_0ce65.dir/build.make CMakeFiles/cmTC_0ce65.dir/build
make[1]: Entering directory '/home/predator/Documents/Project/temp/libsmb2/CMakeFiles/CMakeTmp'
Building C object CMakeFiles/cmTC_0ce65.dir/CheckIncludeFile.c.o
/usr/bin/cc     -o CMakeFiles/cmTC_0ce65.dir/CheckIncludeFile.c.o   -c /home/predator/Documents/Project/temp/libsmb2/CMakeFiles/CMakeTmp/CheckIncludeFile.c
Linking C executable cmTC_0ce65
/usr/bin/cmake -E cmake_link_script CMakeFiles/cmTC_0ce65.dir/link.txt --verbose=1
/usr/bin/cc       CMakeFiles/cmTC_0ce65.dir/CheckIncludeFile.c.o  -o cmTC_0ce65 -rdynamic 
make[1]: Leaving directory '/home/predator/Documents/Project/temp/libsmb2/CMakeFiles/CMakeTmp'


Determining if the include file poll.h exists passed with the following output:
Change Dir: /home/predator/Documents/Project/temp/libsmb2/CMakeFiles/CMakeTmp

Run Build Command:"/usr/bin/make" "cmTC_9d76b/fast"
/usr/bin/make -f CMakeFiles/cmTC_9d76b.dir/build.make CMakeFiles/cmTC_9d76b.dir/build
make[1]: Entering directory '/home/predator/Documents/Project/temp/libsmb2/CMakeFiles/CMakeTmp'
Building C object CMakeFiles/cmTC_9d76b.dir/CheckIncludeFile.c.o
/usr/bin/cc     -o CMakeFiles/cmTC_9d76b.dir/CheckIncludeFile.c.o   -c /home/predator/Documents/Project/temp/libsmb2/CMakeFiles/CMakeTmp/CheckIncludeFile.c
Linking C executable cmTC_9d76b
/usr/bin/cmake -E cmake_link_script CMakeFiles/cmTC_9d76b.dir/link.txt --verbose=1
/usr/bin/cc       CMakeFiles/cmTC_9d76b.dir/CheckIncludeFile.c.o  -o cmTC_9d76b -rdynamic 
make[1]: Leaving directory '/home/predator/Documents/Project/temp/libsmb2/CMakeFiles/CMakeTmp'


Determining if the include file stdint.h exists passed with the following output:
Change Dir: /home/predator/Documents/Project/temp/libsmb2/CMakeFiles/CMakeTmp

Run Build Command:"/usr/bin/make" "cmTC_e62d9/fast"
/usr/bin/make -f CMakeFiles/cmTC_e62d9.dir/build.make CMakeFiles/cmTC_e62d9.dir/build
make[1]: Entering directory '/home/predator/Documents/Project/temp/libsmb2/CMakeFiles/CMakeTmp'
Building C object CMakeFiles/cmTC_e62d9.dir/CheckIncludeFile.c.o
/usr/bin/cc     -o CMakeFiles/cmTC_e62d9.dir/CheckIncludeFile.c.o   -c /home/predator/Documents/Project/temp/libsmb2/CMakeFiles/CMakeTmp/CheckIncludeFile.c
Linking C executable cmTC_e62d9
/usr/bin/cmake -E cmake_link_script CMakeFiles/cmTC_e62d9.dir/link.txt --verbose=1
/usr/bin/cc       CMakeFiles/cmTC_e62d9.dir/CheckIncludeFile.c.o  -o cmTC_e62d9 -rdynamic 
make[1]: Leaving directory '/home/predator/Documents/Project/temp/libsmb2/CMakeFiles/CMakeTmp'


Determining if the include file stdlib.h exists passed with the following output:
Change Dir: /home/predator/Documents/Project/temp/libsmb2/CMakeFiles/CMakeTmp

Run Build Command:"/usr/bin/make" "cmTC_e895b/fast"
/usr/bin/make -f CMakeFiles/cmTC_e895b.dir/build.make CMakeFiles/cmTC_e895b.dir/build
make[1]: Entering directory '/home/predator/Documents/Project/temp/libsmb2/CMakeFiles/CMakeTmp'
Building C object CMakeFiles/cmTC_e895b.dir/CheckIncludeFile.c.o
/usr/bin/cc     -o CMakeFiles/cmTC_e895b.dir/CheckIncludeFile.c.o   -c /home/predator/Documents/Project/temp/libsmb2/CMakeFiles/CMakeTmp/CheckIncludeFile.c
Linking C executable cmTC_e895b
/usr/bin/cmake -E cmake_link_script CMakeFiles/cmTC_e895b.dir/link.txt --verbose=1
/usr/bin/cc       CMakeFiles/cmTC_e895b.dir/CheckIncludeFile.c.o  -o cmTC_e895b -rdynamic 
make[1]: Leaving directory '/home/predator/Documents/Project/temp/libsmb2/CMakeFiles/CMakeTmp'


Determining if the include file strings.h exists passed with the following output:
Change Dir: /home/predator/Documents/Project/temp/libsmb2/CMakeFiles/CMakeTmp

Run Build Command:"/usr/bin/make" "cmTC_a098e/fast"
/usr/bin/make -f CMakeFiles/cmTC_a098e.dir/build.make CMakeFiles/cmTC_a098e.dir/build
make[1]: Entering directory '/home/predator/Documents/Project/temp/libsmb2/CMakeFiles/CMakeTmp'
Building C object CMakeFiles/cmTC_a098e.dir/CheckIncludeFile.c.o
/usr/bin/cc     -o CMakeFiles/cmTC_a098e.dir/CheckIncludeFile.c.o   -c /home/predator/Documents/Project/temp/libsmb2/CMakeFiles/CMakeTmp/CheckIncludeFile.c
Linking C executable cmTC_a098e
/usr/bin/cmake -E cmake_link_script CMakeFiles/cmTC_a098e.dir/link.txt --verbose=1
/usr/bin/cc       CMakeFiles/cmTC_a098e.dir/CheckIncludeFile.c.o  -o cmTC_a098e -rdynamic 
make[1]: Leaving directory '/home/predator/Documents/Project/temp/libsmb2/CMakeFiles/CMakeTmp'


Determining if the include file string.h exists passed with the following output:
Change Dir: /home/predator/Documents/Project/temp/libsmb2/CMakeFiles/CMakeTmp

Run Build Command:"/usr/bin/make" "cmTC_63d65/fast"
/usr/bin/make -f CMakeFiles/cmTC_63d65.dir/build.make CMakeFiles/cmTC_63d65.dir/build
make[1]: Entering directory '/home/predator/Documents/Project/temp/libsmb2/CMakeFiles/CMakeTmp'
Building C object CMakeFiles/cmTC_63d65.dir/CheckIncludeFile.c.o
/usr/bin/cc     -o CMakeFiles/cmTC_63d65.dir/CheckIncludeFile.c.o   -c /home/predator/Documents/Project/temp/libsmb2/CMakeFiles/CMakeTmp/CheckIncludeFile.c
Linking C executable cmTC_63d65
/usr/bin/cmake -E cmake_link_script CMakeFiles/cmTC_63d65.dir/link.txt --verbose=1
/usr/bin/cc       CMakeFiles/cmTC_63d65.dir/CheckIncludeFile.c.o  -o cmTC_63d65 -rdynamic 
make[1]: Leaving directory '/home/predator/Documents/Project/temp/libsmb2/CMakeFiles/CMakeTmp'


Determining if the include file sys/ioctl.h exists passed with the following output:
Change Dir: /home/predator/Documents/Project/temp/libsmb2/CMakeFiles/CMakeTmp

Run Build Command:"/usr/bin/make" "cmTC_af7b9/fast"
/usr/bin/make -f CMakeFiles/cmTC_af7b9.dir/build.make CMakeFiles/cmTC_af7b9.dir/build
make[1]: Entering directory '/home/predator/Documents/Project/temp/libsmb2/CMakeFiles/CMakeTmp'
Building C object CMakeFiles/cmTC_af7b9.dir/CheckIncludeFile.c.o
/usr/bin/cc     -o CMakeFiles/cmTC_af7b9.dir/CheckIncludeFile.c.o   -c /home/predator/Documents/Project/temp/libsmb2/CMakeFiles/CMakeTmp/CheckIncludeFile.c
Linking C executable cmTC_af7b9
/usr/bin/cmake -E cmake_link_script CMakeFiles/cmTC_af7b9.dir/link.txt --verbose=1
/usr/bin/cc       CMakeFiles/cmTC_af7b9.dir/CheckIncludeFile.c.o  -o cmTC_af7b9 -rdynamic 
make[1]: Leaving directory '/home/predator/Documents/Project/temp/libsmb2/CMakeFiles/CMakeTmp'


Determining if the include file sys/socket.h exists passed with the following output:
Change Dir: /home/predator/Documents/Project/temp/libsmb2/CMakeFiles/CMakeTmp

Run Build Command:"/usr/bin/make" "cmTC_58cbb/fast"
/usr/bin/make -f CMakeFiles/cmTC_58cbb.dir/build.make CMakeFiles/cmTC_58cbb.dir/build
make[1]: Entering directory '/home/predator/Documents/Project/temp/libsmb2/CMakeFiles/CMakeTmp'
Building C object CMakeFiles/cmTC_58cbb.dir/CheckIncludeFile.c.o
/usr/bin/cc     -o CMakeFiles/cmTC_58cbb.dir/CheckIncludeFile.c.o   -c /home/predator/Documents/Project/temp/libsmb2/CMakeFiles/CMakeTmp/CheckIncludeFile.c
Linking C executable cmTC_58cbb
/usr/bin/cmake -E cmake_link_script CMakeFiles/cmTC_58cbb.dir/link.txt --verbose=1
/usr/bin/cc       CMakeFiles/cmTC_58cbb.dir/CheckIncludeFile.c.o  -o cmTC_58cbb -rdynamic 
make[1]: Leaving directory '/home/predator/Documents/Project/temp/libsmb2/CMakeFiles/CMakeTmp'


Determining if the include file sys/statvfs.h exists passed with the following output:
Change Dir: /home/predator/Documents/Project/temp/libsmb2/CMakeFiles/CMakeTmp

Run Build Command:"/usr/bin/make" "cmTC_e1751/fast"
/usr/bin/make -f CMakeFiles/cmTC_e1751.dir/build.make CMakeFiles/cmTC_e1751.dir/build
make[1]: Entering directory '/home/predator/Documents/Project/temp/libsmb2/CMakeFiles/CMakeTmp'
Building C object CMakeFiles/cmTC_e1751.dir/CheckIncludeFile.c.o
/usr/bin/cc     -o CMakeFiles/cmTC_e1751.dir/CheckIncludeFile.c.o   -c /home/predator/Documents/Project/temp/libsmb2/CMakeFiles/CMakeTmp/CheckIncludeFile.c
Linking C executable cmTC_e1751
/usr/bin/cmake -E cmake_link_script CMakeFiles/cmTC_e1751.dir/link.txt --verbose=1
/usr/bin/cc       CMakeFiles/cmTC_e1751.dir/CheckIncludeFile.c.o  -o cmTC_e1751 -rdynamic 
make[1]: Leaving directory '/home/predator/Documents/Project/temp/libsmb2/CMakeFiles/CMakeTmp'


Determining if the include file sys/stat.h exists passed with the following output:
Change Dir: /home/predator/Documents/Project/temp/libsmb2/CMakeFiles/CMakeTmp

Run Build Command:"/usr/bin/make" "cmTC_7fa04/fast"
/usr/bin/make -f CMakeFiles/cmTC_7fa04.dir/build.make CMakeFiles/cmTC_7fa04.dir/build
make[1]: Entering directory '/home/predator/Documents/Project/temp/libsmb2/CMakeFiles/CMakeTmp'
Building C object CMakeFiles/cmTC_7fa04.dir/CheckIncludeFile.c.o
/usr/bin/cc     -o CMakeFiles/cmTC_7fa04.dir/CheckIncludeFile.c.o   -c /home/predator/Documents/Project/temp/libsmb2/CMakeFiles/CMakeTmp/CheckIncludeFile.c
Linking C executable cmTC_7fa04
/usr/bin/cmake -E cmake_link_script CMakeFiles/cmTC_7fa04.dir/link.txt --verbose=1
/usr/bin/cc       CMakeFiles/cmTC_7fa04.dir/CheckIncludeFile.c.o  -o cmTC_7fa04 -rdynamic 
make[1]: Leaving directory '/home/predator/Documents/Project/temp/libsmb2/CMakeFiles/CMakeTmp'


Determining if the include file sys/sysmacros.h exists passed with the following output:
Change Dir: /home/predator/Documents/Project/temp/libsmb2/CMakeFiles/CMakeTmp

Run Build Command:"/usr/bin/make" "cmTC_35e2e/fast"
/usr/bin/make -f CMakeFiles/cmTC_35e2e.dir/build.make CMakeFiles/cmTC_35e2e.dir/build
make[1]: Entering directory '/home/predator/Documents/Project/temp/libsmb2/CMakeFiles/CMakeTmp'
Building C object CMakeFiles/cmTC_35e2e.dir/CheckIncludeFile.c.o
/usr/bin/cc     -o CMakeFiles/cmTC_35e2e.dir/CheckIncludeFile.c.o   -c /home/predator/Documents/Project/temp/libsmb2/CMakeFiles/CMakeTmp/CheckIncludeFile.c
Linking C executable cmTC_35e2e
/usr/bin/cmake -E cmake_link_script CMakeFiles/cmTC_35e2e.dir/link.txt --verbose=1
/usr/bin/cc       CMakeFiles/cmTC_35e2e.dir/CheckIncludeFile.c.o  -o cmTC_35e2e -rdynamic 
make[1]: Leaving directory '/home/predator/Documents/Project/temp/libsmb2/CMakeFiles/CMakeTmp'


Determining if the include file sys/time.h exists passed with the following output:
Change Dir: /home/predator/Documents/Project/temp/libsmb2/CMakeFiles/CMakeTmp

Run Build Command:"/usr/bin/make" "cmTC_021c3/fast"
/usr/bin/make -f CMakeFiles/cmTC_021c3.dir/build.make CMakeFiles/cmTC_021c3.dir/build
make[1]: Entering directory '/home/predator/Documents/Project/temp/libsmb2/CMakeFiles/CMakeTmp'
Building C object CMakeFiles/cmTC_021c3.dir/CheckIncludeFile.c.o
/usr/bin/cc     -o CMakeFiles/cmTC_021c3.dir/CheckIncludeFile.c.o   -c /home/predator/Documents/Project/temp/libsmb2/CMakeFiles/CMakeTmp/CheckIncludeFile.c
Linking C executable cmTC_021c3
/usr/bin/cmake -E cmake_link_script CMakeFiles/cmTC_021c3.dir/link.txt --verbose=1
/usr/bin/cc       CMakeFiles/cmTC_021c3.dir/CheckIncludeFile.c.o  -o cmTC_021c3 -rdynamic 
make[1]: Leaving directory '/home/predator/Documents/Project/temp/libsmb2/CMakeFiles/CMakeTmp'


Determining if the include file sys/types.h exists passed with the following output:
Change Dir: /home/predator/Documents/Project/temp/libsmb2/CMakeFiles/CMakeTmp

Run Build Command:"/usr/bin/make" "cmTC_ae808/fast"
/usr/bin/make -f CMakeFiles/cmTC_ae808.dir/build.make CMakeFiles/cmTC_ae808.dir/build
make[1]: Entering directory '/home/predator/Documents/Project/temp/libsmb2/CMakeFiles/CMakeTmp'
Building C object CMakeFiles/cmTC_ae808.dir/CheckIncludeFile.c.o
/usr/bin/cc     -o CMakeFiles/cmTC_ae808.dir/CheckIncludeFile.c.o   -c /home/predator/Documents/Project/temp/libsmb2/CMakeFiles/CMakeTmp/CheckIncludeFile.c
Linking C executable cmTC_ae808
/usr/bin/cmake -E cmake_link_script CMakeFiles/cmTC_ae808.dir/link.txt --verbose=1
/usr/bin/cc       CMakeFiles/cmTC_ae808.dir/CheckIncludeFile.c.o  -o cmTC_ae808 -rdynamic 
make[1]: Leaving directory '/home/predator/Documents/Project/temp/libsmb2/CMakeFiles/CMakeTmp'


Determining if the include file sys/uio.h exists passed with the following output:
Change Dir: /home/predator/Documents/Project/temp/libsmb2/CMakeFiles/CMakeTmp

Run Build Command:"/usr/bin/make" "cmTC_4b6ec/fast"
/usr/bin/make -f CMakeFiles/cmTC_4b6ec.dir/build.make CMakeFiles/cmTC_4b6ec.dir/build
make[1]: Entering directory '/home/predator/Documents/Project/temp/libsmb2/CMakeFiles/CMakeTmp'
Building C object CMakeFiles/cmTC_4b6ec.dir/CheckIncludeFile.c.o
/usr/bin/cc     -o CMakeFiles/cmTC_4b6ec.dir/CheckIncludeFile.c.o   -c /home/predator/Documents/Project/temp/libsmb2/CMakeFiles/CMakeTmp/CheckIncludeFile.c
Linking C executable cmTC_4b6ec
/usr/bin/cmake -E cmake_link_script CMakeFiles/cmTC_4b6ec.dir/link.txt --verbose=1
/usr/bin/cc       CMakeFiles/cmTC_4b6ec.dir/CheckIncludeFile.c.o  -o cmTC_4b6ec -rdynamic 
make[1]: Leaving directory '/home/predator/Documents/Project/temp/libsmb2/CMakeFiles/CMakeTmp'


Determining if the include file sys/vfs.h exists passed with the following output:
Change Dir: /home/predator/Documents/Project/temp/libsmb2/CMakeFiles/CMakeTmp

Run Build Command:"/usr/bin/make" "cmTC_b170b/fast"
/usr/bin/make -f CMakeFiles/cmTC_b170b.dir/build.make CMakeFiles/cmTC_b170b.dir/build
make[1]: Entering directory '/home/predator/Documents/Project/temp/libsmb2/CMakeFiles/CMakeTmp'
Building C object CMakeFiles/cmTC_b170b.dir/CheckIncludeFile.c.o
/usr/bin/cc     -o CMakeFiles/cmTC_b170b.dir/CheckIncludeFile.c.o   -c /home/predator/Documents/Project/temp/libsmb2/CMakeFiles/CMakeTmp/CheckIncludeFile.c
Linking C executable cmTC_b170b
/usr/bin/cmake -E cmake_link_script CMakeFiles/cmTC_b170b.dir/link.txt --verbose=1
/usr/bin/cc       CMakeFiles/cmTC_b170b.dir/CheckIncludeFile.c.o  -o cmTC_b170b -rdynamic 
make[1]: Leaving directory '/home/predator/Documents/Project/temp/libsmb2/CMakeFiles/CMakeTmp'


Determining if the include file unistd.h exists passed with the following output:
Change Dir: /home/predator/Documents/Project/temp/libsmb2/CMakeFiles/CMakeTmp

Run Build Command:"/usr/bin/make" "cmTC_4d1f6/fast"
/usr/bin/make -f CMakeFiles/cmTC_4d1f6.dir/build.make CMakeFiles/cmTC_4d1f6.dir/build
make[1]: Entering directory '/home/predator/Documents/Project/temp/libsmb2/CMakeFiles/CMakeTmp'
Building C object CMakeFiles/cmTC_4d1f6.dir/CheckIncludeFile.c.o
/usr/bin/cc     -o CMakeFiles/cmTC_4d1f6.dir/CheckIncludeFile.c.o   -c /home/predator/Documents/Project/temp/libsmb2/CMakeFiles/CMakeTmp/CheckIncludeFile.c
Linking C executable cmTC_4d1f6
/usr/bin/cmake -E cmake_link_script CMakeFiles/cmTC_4d1f6.dir/link.txt --verbose=1
/usr/bin/cc       CMakeFiles/cmTC_4d1f6.dir/CheckIncludeFile.c.o  -o cmTC_4d1f6 -rdynamic 
make[1]: Leaving directory '/home/predator/Documents/Project/temp/libsmb2/CMakeFiles/CMakeTmp'


Determining if the include file utime.h exists passed with the following output:
Change Dir: /home/predator/Documents/Project/temp/libsmb2/CMakeFiles/CMakeTmp

Run Build Command:"/usr/bin/make" "cmTC_39b7b/fast"
/usr/bin/make -f CMakeFiles/cmTC_39b7b.dir/build.make CMakeFiles/cmTC_39b7b.dir/build
make[1]: Entering directory '/home/predator/Documents/Project/temp/libsmb2/CMakeFiles/CMakeTmp'
Building C object CMakeFiles/cmTC_39b7b.dir/CheckIncludeFile.c.o
/usr/bin/cc     -o CMakeFiles/cmTC_39b7b.dir/CheckIncludeFile.c.o   -c /home/predator/Documents/Project/temp/libsmb2/CMakeFiles/CMakeTmp/CheckIncludeFile.c
Linking C executable cmTC_39b7b
/usr/bin/cmake -E cmake_link_script CMakeFiles/cmTC_39b7b.dir/link.txt --verbose=1
/usr/bin/cc       CMakeFiles/cmTC_39b7b.dir/CheckIncludeFile.c.o  -o cmTC_39b7b -rdynamic 
make[1]: Leaving directory '/home/predator/Documents/Project/temp/libsmb2/CMakeFiles/CMakeTmp'


Determining if the include file stddef.h exists passed with the following output:
Change Dir: /home/predator/Documents/Project/temp/libsmb2/CMakeFiles/CMakeTmp

Run Build Command:"/usr/bin/make" "cmTC_720ef/fast"
/usr/bin/make -f CMakeFiles/cmTC_720ef.dir/build.make CMakeFiles/cmTC_720ef.dir/build
make[1]: Entering directory '/home/predator/Documents/Project/temp/libsmb2/CMakeFiles/CMakeTmp'
Building C object CMakeFiles/cmTC_720ef.dir/CheckIncludeFile.c.o
/usr/bin/cc     -o CMakeFiles/cmTC_720ef.dir/CheckIncludeFile.c.o   -c /home/predator/Documents/Project/temp/libsmb2/CMakeFiles/CMakeTmp/CheckIncludeFile.c
Linking C executable cmTC_720ef
/usr/bin/cmake -E cmake_link_script CMakeFiles/cmTC_720ef.dir/link.txt --verbose=1
/usr/bin/cc       CMakeFiles/cmTC_720ef.dir/CheckIncludeFile.c.o  -o cmTC_720ef -rdynamic 
make[1]: Leaving directory '/home/predator/Documents/Project/temp/libsmb2/CMakeFiles/CMakeTmp'


Performing C SOURCE FILE Test HAVE_SOCKADDR_STORAGE succeeded with the following output:
Change Dir: /home/predator/Documents/Project/temp/libsmb2/CMakeFiles/CMakeTmp

Run Build Command:"/usr/bin/make" "cmTC_a5312/fast"
/usr/bin/make -f CMakeFiles/cmTC_a5312.dir/build.make CMakeFiles/cmTC_a5312.dir/build
make[1]: Entering directory '/home/predator/Documents/Project/temp/libsmb2/CMakeFiles/CMakeTmp'
Building C object CMakeFiles/cmTC_a5312.dir/src.c.o
/usr/bin/cc    -DHAVE_SOCKADDR_STORAGE   -o CMakeFiles/cmTC_a5312.dir/src.c.o   -c /home/predator/Documents/Project/temp/libsmb2/CMakeFiles/CMakeTmp/src.c
Linking C executable cmTC_a5312
/usr/bin/cmake -E cmake_link_script CMakeFiles/cmTC_a5312.dir/link.txt --verbose=1
/usr/bin/cc   -DHAVE_SOCKADDR_STORAGE    CMakeFiles/cmTC_a5312.dir/src.c.o  -o cmTC_a5312 -rdynamic 
make[1]: Leaving directory '/home/predator/Documents/Project/temp/libsmb2/CMakeFiles/CMakeTmp'

Source file was:

#include <sys/socket.h>

int main()
{
   (void)sizeof(((struct sockaddr_storage *)0)->ss_family);
   return 0;
}

Determining if the makedev exist passed with the following output:
Change Dir: /home/predator/Documents/Project/temp/libsmb2/CMakeFiles/CMakeTmp

Run Build Command:"/usr/bin/make" "cmTC_bb42f/fast"
/usr/bin/make -f CMakeFiles/cmTC_bb42f.dir/build.make CMakeFiles/cmTC_bb42f.dir/build
make[1]: Entering directory '/home/predator/Documents/Project/temp/libsmb2/CMakeFiles/CMakeTmp'
Building C object CMakeFiles/cmTC_bb42f.dir/CheckSymbolExists.c.o
/usr/bin/cc     -o CMakeFiles/cmTC_bb42f.dir/CheckSymbolExists.c.o   -c /home/predator/Documents/Project/temp/libsmb2/CMakeFiles/CMakeTmp/CheckSymbolExists.c
Linking C executable cmTC_bb42f
/usr/bin/cmake -E cmake_link_script CMakeFiles/cmTC_bb42f.dir/link.txt --verbose=1
/usr/bin/cc       CMakeFiles/cmTC_bb42f.dir/CheckSymbolExists.c.o  -o cmTC_bb42f -rdynamic 
make[1]: Leaving directory '/home/predator/Documents/Project/temp/libsmb2/CMakeFiles/CMakeTmp'

File /home/predator/Documents/Project/temp/libsmb2/CMakeFiles/CMakeTmp/CheckSymbolExists.c:
/* */
#include <sys/sysmacros.h>

int main(int argc, char** argv)
{
  (void)argv;
#ifndef makedev
  return ((int*)(&makedev))[argc];
#else
  (void)argc;
  return 0;
#endif
}

Performing C SOURCE FILE Test C_ACCEPTS_WALL succeeded with the following output:
Change Dir: /home/predator/Documents/Project/temp/libsmb2/CMakeFiles/CMakeTmp

Run Build Command:"/usr/bin/make" "cmTC_c4c2c/fast"
/usr/bin/make -f CMakeFiles/cmTC_c4c2c.dir/build.make CMakeFiles/cmTC_c4c2c.dir/build
make[1]: Entering directory '/home/predator/Documents/Project/temp/libsmb2/CMakeFiles/CMakeTmp'
Building C object CMakeFiles/cmTC_c4c2c.dir/src.c.o
/usr/bin/cc    -DC_ACCEPTS_WALL   -Wall -o CMakeFiles/cmTC_c4c2c.dir/src.c.o   -c /home/predator/Documents/Project/temp/libsmb2/CMakeFiles/CMakeTmp/src.c
Linking C executable cmTC_c4c2c
/usr/bin/cmake -E cmake_link_script CMakeFiles/cmTC_c4c2c.dir/link.txt --verbose=1
/usr/bin/cc   -DC_ACCEPTS_WALL    CMakeFiles/cmTC_c4c2c.dir/src.c.o  -o cmTC_c4c2c -rdynamic 
make[1]: Leaving directory '/home/predator/Documents/Project/temp/libsmb2/CMakeFiles/CMakeTmp'

Source file was:
int main(void) { return 0; }
